# xbus_monitor
# begin_cycle,        end_cycle,       begin_time,         end_time,    r/w,   addr,           data(byten),
0000000000000002, 0000000000000004, 0000000000000019, 000000000000002d, w, 10000000, ffffffff(1),
0000000000000007, 0000000000000008, 000000000000004b, 0000000000000055, r, 10000000, 000000ff(1),
0000000000000002, 0000000000000004, 0000000000000019, 000000000000002d, w, 10000000, ffffffff(1),
0000000000000007, 0000000000000008, 000000000000004b, 0000000000000055, r, 10000000, 000000ff(1),
0000000000000002, 0000000000000004, 0000000000000019, 000000000000002d, w, 10000000, ffffffff(1),
0000000000000007, 0000000000000008, 000000000000004b, 0000000000000055, r, 10000000, 000000ff(1),
0000000000000002, 0000000000000004, 0000000000000019, 000000000000002d, w, 10000000, ffffffff(1),
0000000000000007, 0000000000000008, 000000000000004b, 0000000000000055, r, 10000000, 000000ff(1),
0000000000000002, 0000000000000004, 0000000000000019, 000000000000002d, w, 10000000, ffffffff(1),
0000000000000007, 0000000000000008, 000000000000004b, 0000000000000055, r, 10000000, 000000ff(1),
